<?xml version="1.0" encoding="UTF-8"?>
<testsuite xmlns:xsi="http://www.w3.org/2001/XMLSchema-instance" xsi:noNamespaceSchemaLocation="https://maven.apache.org/surefire/maven-surefire-plugin/xsd/surefire-test-report-3.0.xsd" version="3.0" name="cat.altimiras.jdbc.polarbear.query.DateFormatterTest" time="0.075" tests="5" errors="0" skipped="0" failures="0">
  <properties>
[...]
</properties>
  <testcase name="localDateTime2" classname="cat.altimiras.jdbc.polarbear.query.DateFormatterTest" time="0.017"/>
  <testcase name="wrongFormat" classname="cat.altimiras.jdbc.polarbear.query.DateFormatterTest" time="0"/>
  <testcase name="localDateTime" classname="cat.altimiras.jdbc.polarbear.query.DateFormatterTest" time="0"/>
  <testcase name="localDateTimeWithoutTime2" classname="cat.altimiras.jdbc.polarbear.query.DateFormatterTest" time="0.001"/>
  <testcase name="localDateTimeWithoutTime" classname="cat.altimiras.jdbc.polarbear.query.DateFormatterTest" time="0"/>
</testsuite>